<?xml version="1.0" encoding="UTF-8"?>
<testsuites>
  <testsuite name="hello" timestamp="2024-05-21T09:04:50Z" hostname="635d03a76096" tests="3" skipped="0" failures="1" errors="0" time="0.363">
    <testcase time="0.012" classname="hello" name="hello_works"/>
    <testcase time="0.197" classname="hello" name="hello_cli_works"/>
    <testcase time="0.154" classname="hello" name="fix_me_">
      <failure type="failure" message="1 (`actual`) not equal to 2 (`expected`). ('test-hello.R:10:3')">1 (`actual`) not equal to 2 (`expected`).

  `actual`: 1
`expected`: 2</failure>
    </testcase>
  </testsuite>
</testsuites>
