<?xml version="1.0" encoding="UTF-8"?>
<testsuites>
  <testsuite name="hello" timestamp="2024-06-11T09:46:56Z" hostname="a77f812abf32" tests="3" skipped="0" failures="1" errors="0" time="0.394">
    <testcase time="0.014" classname="hello" name="hello_works"/>
    <testcase time="0.22" classname="hello" name="hello_cli_works"/>
    <testcase time="0.16" classname="hello" name="fix_me_">
      <failure type="failure" message="1 (`actual`) not equal to 2 (`expected`). ('test-hello.R:10:3')">1 (`actual`) not equal to 2 (`expected`).

  `actual`: 1
`expected`: 2</failure>
    </testcase>
  </testsuite>
</testsuites>
