<?xml version="1.0" encoding="UTF-8"?>
<testsuites>
  <testsuite name="hello" timestamp="2024-05-21T10:37:43Z" hostname="52bdf7b78a45" tests="3" skipped="0" failures="1" errors="0" time="0.365">
    <testcase time="0.013" classname="hello" name="hello_works"/>
    <testcase time="0.196" classname="hello" name="hello_cli_works"/>
    <testcase time="0.156" classname="hello" name="fix_me_">
      <failure type="failure" message="1 (`actual`) not equal to 2 (`expected`). ('test-hello.R:10:3')">1 (`actual`) not equal to 2 (`expected`).

  `actual`: 1
`expected`: 2</failure>
    </testcase>
  </testsuite>
</testsuites>
