<?xml version="1.0" encoding="UTF-8"?>
<testsuites>
  <testsuite name="hello" timestamp="2024-05-21T11:03:00Z" hostname="566756c139ec" tests="3" skipped="0" failures="1" errors="0" time="0.346">
    <testcase time="0.011" classname="hello" name="hello_works"/>
    <testcase time="0.186" classname="hello" name="hello_cli_works"/>
    <testcase time="0.149" classname="hello" name="fix_me_">
      <failure type="failure" message="1 (`actual`) not equal to 2 (`expected`). ('test-hello.R:10:3')">1 (`actual`) not equal to 2 (`expected`).

  `actual`: 1
`expected`: 2</failure>
    </testcase>
  </testsuite>
</testsuites>
